Arguments: 
  /Users/kuntang/.nvm/versions/node/v8.11.1/bin/node /usr/local/Cellar/yarn/1.16.0/libexec/bin/yarn.js add hexo-admin

PATH: 
  /Users/kuntang/.nvm/versions/node/v8.11.1/bin:/usr/local/opt/openssl/bin:/usr/local/bin:/usr/bin:/bin:/usr/sbin:/sbin:/usr/local/opt/openssl/bin:/usr/local/Cellar/node/9.3.0_1/bin:/usr/local/opt/mysql/bin:/usr/local/Cellar/maven/3.6.0/bin:/usr/local/Cellar/node/9.3.0_1/bin:/usr/local/opt/mysql/bin:/usr/local/Cellar/maven/3.6.0/bin

Yarn version: 
  1.16.0

Node version: 
  8.11.1

Platform: 
  darwin x64

Trace: 
  Error: ENOENT: no such file or directory, copyfile '/Users/kuntang/Library/Caches/Yarn/v4/npm-is-glob-3.1.0-7ba5ae24217804ac70707b96922567486cc3e84a/node_modules/is-glob/LICENSE' -> '/Users/kuntang/Documents/WorkPlace/kunkuntang.github.io/node_modules/chokidar/node_modules/glob-parent/node_modules/is-glob/LICENSE'

npm manifest: 
  {
    "name": "hexo-site",
    "version": "0.0.0",
    "private": true,
    "hexo": {
      "version": "3.3.8"
    },
    "dependencies": {
      "hexo": "^3.2.0",
      "hexo-asset-image": "^0.0.3",
      "hexo-deployer-git": "^0.2.0",
      "hexo-generator-archive": "^0.1.5",
      "hexo-generator-category": "^0.1.3",
      "hexo-generator-index": "^0.2.0",
      "hexo-generator-json-content": "^3.0.1",
      "hexo-generator-tag": "^0.2.0",
      "hexo-renderer-ejs": "^0.2.0",
      "hexo-renderer-jade": "^0.3.0",
      "hexo-renderer-marked": "^0.2.10",
      "hexo-renderer-stylus": "^0.3.1",
      "hexo-server": "^0.2.0"
    }
  }

yarn manifest: 
  No manifest

Lockfile: 
  No lockfile
